This is pdfTeX, Version 3.14159265-2.6-1.40.18 (TeX Live 2017) (preloaded format=pdflatex 2017.8.7)  2 AUG 2018 16:42
entering extended mode
 restricted \write18 enabled.
 %&-line parsing enabled.
**titlepage.tex
(./titlepage.tex
LaTeX2e <2017-04-15>
Babel <3.10> and hyphenation patterns for 84 language(s) loaded.

! LaTeX Error: Missing \begin{document}.

See the LaTeX manual or LaTeX Companion for explanation.
Type  H <return>  for immediate help.
 ...                                              
                                                  
l.10 \begin{center}
                   
You're in trouble here.  Try typing  <return>  to proceed.
If that doesn't work, type  X <return>  to quit.


Overfull \hbox (20.0pt too wide) in paragraph at lines 10--10
[] 
 []

! Undefined control sequence.
<argument> {\large 
                   Summer Research Program in Industrial \\ and Applied Math...
l.11 ...in Industrial \\ and Applied Mathematics}}
                                                  \\
The control sequence at the end of the top line
of your error message was never \def'ed. If you have
misspelled it (e.g., `\hobx'), type `I' and the correct
spelling (e.g., `I\hbox'). Otherwise just continue,
and I'll forget about whatever was undefined.


Overfull \hbox (41.95119pt too wide) in paragraph at lines 11--11
 \OT1/cmr/bx/n/10 Summer 
 []


Overfull \hbox (17.72908pt too wide) in paragraph at lines 11--11
 \OT1/cmr/bx/n/10 Re- 
 []


Overfull \hbox (31.3137pt too wide) in paragraph at lines 11--11
 \OT1/cmr/bx/n/10 search 
 []


Overfull \hbox (22.18045pt too wide) in paragraph at lines 11--11
 \OT1/cmr/bx/n/10 Pro- 
 []


Overfull \hbox (25.65958pt too wide) in paragraph at lines 11--11
 \OT1/cmr/bx/n/10 gram 
 []


Overfull \hbox (9.58328pt too wide) in paragraph at lines 11--11
 \OT1/cmr/bx/n/10 in 
 []


Overfull \hbox (14.58325pt too wide) in paragraph at lines 11--11
 \OT1/cmr/bx/n/10 In- 
 []


Overfull \hbox (21.1471pt too wide) in paragraph at lines 11--11
 \OT1/cmr/bx/n/10 dus- 
 []


Overfull \hbox (21.18738pt too wide) in paragraph at lines 11--11
 \OT1/cmr/bx/n/10 trial 
 []


Overfull \hbox (18.36794pt too wide) in paragraph at lines 11--11
 []\OT1/cmr/bx/n/10 and 
 []


Overfull \hbox (18.91656pt too wide) in paragraph at lines 11--11
 \OT1/cmr/bx/n/10 Ap- 
 []


Overfull \hbox (24.43738pt too wide) in paragraph at lines 11--11
 \OT1/cmr/bx/n/10 plied 
 []


Overfull \hbox (31.2012pt too wide) in paragraph at lines 11--11
 \OT1/cmr/bx/n/10 Math- 
 []


Overfull \hbox (9.10413pt too wide) in paragraph at lines 11--11
 \OT1/cmr/bx/n/10 e- 
 []


Overfull \hbox (23.47902pt too wide) in paragraph at lines 11--11
 \OT1/cmr/bx/n/10 mat- 
 []


Overfull \hbox (12.84158pt too wide) in paragraph at lines 11--11
 \OT1/cmr/bx/n/10 ics 
 []


! LaTeX Error: Environment figure undefined.

See the LaTeX manual or LaTeX Companion for explanation.
Type  H <return>  for immediate help.
 ...                                              
                                                  
l.16 \begin{figure}
                   [h]
Your command was ignored.
Type  I <command> <return>  to replace it with another command,
or  <return>  to continue without it.

Missing character: There is no [ in font nullfont!
Missing character: There is no h in font nullfont!
Missing character: There is no ] in font nullfont!
! Undefined control sequence.
l.20     \includegraphics
                         [width=3cm]{Graphics/HKUST_logo.jpg}
The control sequence at the end of the top line
of your error message was never \def'ed. If you have
misspelled it (e.g., `\hobx'), type `I' and the correct
spelling (e.g., `I\hbox'). Otherwise just continue,
and I'll forget about whatever was undefined.

Missing character: There is no [ in font nullfont!
Missing character: There is no w in font nullfont!
Missing character: There is no i in font nullfont!
Missing character: There is no d in font nullfont!
Missing character: There is no t in font nullfont!
Missing character: There is no h in font nullfont!
Missing character: There is no = in font nullfont!
Missing character: There is no 3 in font nullfont!
Missing character: There is no c in font nullfont!
Missing character: There is no m in font nullfont!
Missing character: There is no ] in font nullfont!
Missing character: There is no G in font nullfont!
Missing character: There is no r in font nullfont!
Missing character: There is no a in font nullfont!
Missing character: There is no p in font nullfont!
Missing character: There is no h in font nullfont!
Missing character: There is no i in font nullfont!
Missing character: There is no c in font nullfont!
Missing character: There is no s in font nullfont!
Missing character: There is no / in font nullfont!
Missing character: There is no H in font nullfont!
Missing character: There is no K in font nullfont!
Missing character: There is no U in font nullfont!
Missing character: There is no S in font nullfont!
Missing character: There is no T in font nullfont!
! Missing $ inserted.
<inserted text> 
                $
l.20 ...includegraphics[width=3cm]{Graphics/HKUST_
                                                  logo.jpg}
I've inserted a begin-math/end-math symbol since I think
you left one out. Proceed, with fingers crossed.

LaTeX Font Info:    External font `cmex10' loaded for size
(Font)              <7> on input line 20.
LaTeX Font Info:    External font `cmex10' loaded for size
(Font)              <5> on input line 20.
! Extra }, or forgotten $.
l.20 ...aphics[width=3cm]{Graphics/HKUST_logo.jpg}
                                                  
I've deleted a group-closing symbol because it seems to be
spurious, as in `$x}$'. But perhaps the } is legitimate and
you forgot something else, as in `\hbox{$x}'. In such cases
the way to recover is to insert both the forgotten and the
deleted material, e.g., by typing `I$}'.

! Missing $ inserted.
<inserted text> 
                $
l.21       \end{minipage}
                         
I've inserted a begin-math/end-math symbol since I think
you left one out. Proceed, with fingers crossed.

! Missing } inserted.
<inserted text> 
                }
l.21       \end{minipage}
                         
I've inserted something that you may have forgotten.
(See the <inserted text> above.)
With luck, this will get me unwedged. But if you
really didn't forget anything, try typing `2' now; then
my insertion and my current dilemma will both disappear.

! Undefined control sequence.
l.25     \includegraphics
                         [width=6cm]{Graphics/SNU_logo.jpg}
The control sequence at the end of the top line
of your error message was never \def'ed. If you have
misspelled it (e.g., `\hobx'), type `I' and the correct
spelling (e.g., `I\hbox'). Otherwise just continue,
and I'll forget about whatever was undefined.

Missing character: There is no [ in font nullfont!
Missing character: There is no w in font nullfont!
Missing character: There is no i in font nullfont!
Missing character: There is no d in font nullfont!
Missing character: There is no t in font nullfont!
Missing character: There is no h in font nullfont!
Missing character: There is no = in font nullfont!
Missing character: There is no 6 in font nullfont!
Missing character: There is no c in font nullfont!
Missing character: There is no m in font nullfont!
Missing character: There is no ] in font nullfont!
Missing character: There is no G in font nullfont!
Missing character: There is no r in font nullfont!
Missing character: There is no a in font nullfont!
Missing character: There is no p in font nullfont!
Missing character: There is no h in font nullfont!
Missing character: There is no i in font nullfont!
Missing character: There is no c in font nullfont!
Missing character: There is no s in font nullfont!
Missing character: There is no / in font nullfont!
Missing character: There is no S in font nullfont!
Missing character: There is no N in font nullfont!
Missing character: There is no U in font nullfont!
! Missing $ inserted.
<inserted text> 
                $
l.25     \includegraphics[width=6cm]{Graphics/SNU_
                                                  logo.jpg}
I've inserted a begin-math/end-math symbol since I think
you left one out. Proceed, with fingers crossed.

! Extra }, or forgotten $.
l.25 ...graphics[width=6cm]{Graphics/SNU_logo.jpg}
                                                  
I've deleted a group-closing symbol because it seems to be
spurious, as in `$x}$'. But perhaps the } is legitimate and
you forgot something else, as in `\hbox{$x}'. In such cases
the way to recover is to insert both the forgotten and the
deleted material, e.g., by typing `I$}'.

! Missing $ inserted.
<inserted text> 
                $
l.26       \end{minipage}
                         
I've inserted a begin-math/end-math symbol since I think
you left one out. Proceed, with fingers crossed.

! Missing } inserted.
<inserted text> 
                }
l.26       \end{minipage}
                         
I've inserted something that you may have forgotten.
(See the <inserted text> above.)
With luck, this will get me unwedged. But if you
really didn't forget anything, try typing `2' now; then
my insertion and my current dilemma will both disappear.


! LaTeX Error: \begin{center} on input line 10 ended by \end{figure}.

See the LaTeX manual or LaTeX Companion for explanation.
Type  H <return>  for immediate help.
 ...                                              
                                                  
l.27 \end{figure}
                 
Your command was ignored.
Type  I <command> <return>  to replace it with another command,
or  <return>  to continue without it.

Missing character: There is no S in font nullfont!
Missing character: There is no p in font nullfont!
Missing character: There is no o in font nullfont!
Missing character: There is no n in font nullfont!
Missing character: There is no s in font nullfont!
Missing character: There is no o in font nullfont!
Missing character: There is no r in font nullfont!
! Undefined control sequence.
<argument> \bfseries {\large 
                             Sponsor Name}
l.33 $\langle \textbf{{\large Sponsor Name}}
                                             \rangle$ \\
The control sequence at the end of the top line
of your error message was never \def'ed. If you have
misspelled it (e.g., `\hobx'), type `I' and the correct
spelling (e.g., `I\hbox'). Otherwise just continue,
and I'll forget about whatever was undefined.


Overfull \hbox (81.3135pt too wide) in paragraph at lines 33--33
 []$\OMS/cmsy/m/n/10 h[]i$ 
 []


Overfull \hbox (25.604pt too wide) in paragraph at lines 35--36
 []\OT1/cmr/bx/n/10 Final 
 []


Overfull \hbox (17.72908pt too wide) in paragraph at lines 35--36
 \OT1/cmr/bx/n/10 Re- 
 []


Overfull \hbox (21.66656pt too wide) in paragraph at lines 35--36
 \OT1/cmr/bx/n/10 port 
 []

! Undefined control sequence.
<argument> \bfseries {\Large 
                             Title of Project}
l.39 $\langle \textbf{{\Large Title of Project}}
                                                \rangle$
The control sequence at the end of the top line
of your error message was never \def'ed. If you have
misspelled it (e.g., `\hobx'), type `I' and the correct
spelling (e.g., `I\hbox'). Otherwise just continue,
and I'll forget about whatever was undefined.


Overfull \hbox (86.19408pt too wide) in paragraph at lines 39--40
 []$\OMS/cmsy/m/n/10 h[]i$ 
 []

Missing character: There is no S in font nullfont!
Missing character: There is no t in font nullfont!
Missing character: There is no u in font nullfont!
Missing character: There is no d in font nullfont!
Missing character: There is no e in font nullfont!
Missing character: There is no n in font nullfont!
Missing character: There is no t in font nullfont!
Missing character: There is no M in font nullfont!
Missing character: There is no e in font nullfont!
Missing character: There is no m in font nullfont!
Missing character: There is no b in font nullfont!
Missing character: There is no e in font nullfont!
Missing character: There is no r in font nullfont!
Missing character: There is no s in font nullfont!
! Undefined control sequence.
l.47 $\langle \text
                   {Student A}\rangle$ (Project Manager), $\langle \text{\em...
The control sequence at the end of the top line
of your error message was never \def'ed. If you have
misspelled it (e.g., `\hobx'), type `I' and the correct
spelling (e.g., `I\hbox'). Otherwise just continue,
and I'll forget about whatever was undefined.

Missing character: There is no ( in font nullfont!
Missing character: There is no P in font nullfont!
Missing character: There is no r in font nullfont!
Missing character: There is no o in font nullfont!
Missing character: There is no j in font nullfont!
Missing character: There is no e in font nullfont!
Missing character: There is no c in font nullfont!
Missing character: There is no t in font nullfont!
Missing character: There is no M in font nullfont!
Missing character: There is no a in font nullfont!
Missing character: There is no n in font nullfont!
Missing character: There is no a in font nullfont!
Missing character: There is no g in font nullfont!
Missing character: There is no e in font nullfont!
Missing character: There is no r in font nullfont!
Missing character: There is no ) in font nullfont!
Missing character: There is no , in font nullfont!
! Undefined control sequence.
l.47 ...\rangle$ (Project Manager), $\langle \text
                                                  {\emph{College}}\rangle$,\\
The control sequence at the end of the top line
of your error message was never \def'ed. If you have
misspelled it (e.g., `\hobx'), type `I' and the correct
spelling (e.g., `I\hbox'). Otherwise just continue,
and I'll forget about whatever was undefined.

Missing character: There is no , in font nullfont!

Overfull \hbox (50.79642pt too wide) in paragraph at lines 47--47
 []$\OMS/cmsy/m/n/10 h[]i$ 
 []


Overfull \hbox (38.95534pt too wide) in paragraph at lines 47--47
 \OMS/cmsy/m/n/10 h[]i$ 
 []

! Undefined control sequence.
l.49 $\langle \text
                   {\texttt{Contact Info}} \rangle$\\
The control sequence at the end of the top line
of your error message was never \def'ed. If you have
misspelled it (e.g., `\hobx'), type `I' and the correct
spelling (e.g., `I\hbox'). Otherwise just continue,
and I'll forget about whatever was undefined.


Overfull \hbox (70.77725pt too wide) in paragraph at lines 49--49
 []$\OMS/cmsy/m/n/10 h[]i$ 
 []

! Undefined control sequence.
l.51 $\langle \text
                   {WONG Sing Lam}\rangle$, $\langle \text{\emph{College}} \...
The control sequence at the end of the top line
of your error message was never \def'ed. If you have
misspelled it (e.g., `\hobx'), type `I' and the correct
spelling (e.g., `I\hbox'). Otherwise just continue,
and I'll forget about whatever was undefined.

Missing character: There is no , in font nullfont!
! Undefined control sequence.
l.51 ...ext{WONG Sing Lam}\rangle$, $\langle \text
                                                  {\emph{College}} \rangle$ \\
The control sequence at the end of the top line
of your error message was never \def'ed. If you have
misspelled it (e.g., `\hobx'), type `I' and the correct
spelling (e.g., `I\hbox'). Otherwise just continue,
and I'll forget about whatever was undefined.


Overfull \hbox (85.66pt too wide) in paragraph at lines 51--51
 []$\OMS/cmsy/m/n/10 h[]i$ 
 []


Overfull \hbox (38.95534pt too wide) in paragraph at lines 51--51
 \OMS/cmsy/m/n/10 h[]i$ 
 []

! Undefined control sequence.
l.53 $\langle \text
                   {Student C}\rangle$, $\langle \text{\emph{College}} \rang...
The control sequence at the end of the top line
of your error message was never \def'ed. If you have
misspelled it (e.g., `\hobx'), type `I' and the correct
spelling (e.g., `I\hbox'). Otherwise just continue,
and I'll forget about whatever was undefined.

Missing character: There is no , in font nullfont!
! Undefined control sequence.
l.53 ...e \text{Student C}\rangle$, $\langle \text
                                                  {\emph{College}} \rangle$ \\
The control sequence at the end of the top line
of your error message was never \def'ed. If you have
misspelled it (e.g., `\hobx'), type `I' and the correct
spelling (e.g., `I\hbox'). Otherwise just continue,
and I'll forget about whatever was undefined.


Overfull \hbox (51.15889pt too wide) in paragraph at lines 53--53
 []$\OMS/cmsy/m/n/10 h[]i$ 
 []


Overfull \hbox (38.95534pt too wide) in paragraph at lines 53--53
 \OMS/cmsy/m/n/10 h[]i$ 
 []

! Undefined control sequence.
l.55 $\langle \text
                   {Student D}\rangle$, $\langle \text{\emph{College}} \rang...
The control sequence at the end of the top line
of your error message was never \def'ed. If you have
misspelled it (e.g., `\hobx'), type `I' and the correct
spelling (e.g., `I\hbox'). Otherwise just continue,
and I'll forget about whatever was undefined.

Missing character: There is no , in font nullfont!
! Undefined control sequence.
l.55 ...e \text{Student D}\rangle$, $\langle \text
                                                  {\emph{College}} \rangle$ \\
The control sequence at the end of the top line
of your error message was never \def'ed. If you have
misspelled it (e.g., `\hobx'), type `I' and the correct
spelling (e.g., `I\hbox'). Otherwise just continue,
and I'll forget about whatever was undefined.


Overfull \hbox (51.85335pt too wide) in paragraph at lines 55--55
 []$\OMS/cmsy/m/n/10 h[]i$ 
 []


Overfull \hbox (38.95534pt too wide) in paragraph at lines 55--55
 \OMS/cmsy/m/n/10 h[]i$ 
 []

Missing character: There is no A in font nullfont!
Missing character: There is no c in font nullfont!
Missing character: There is no a in font nullfont!
Missing character: There is no d in font nullfont!
Missing character: There is no e in font nullfont!
Missing character: There is no m in font nullfont!
Missing character: There is no i in font nullfont!
Missing character: There is no c in font nullfont!
Missing character: There is no M in font nullfont!
Missing character: There is no e in font nullfont!
Missing character: There is no n in font nullfont!
Missing character: There is no t in font nullfont!
Missing character: There is no o in font nullfont!
Missing character: There is no r in font nullfont!
! Undefined control sequence.
l.61 $\langle \text
                   {Name}\rangle$, $\langle \text{\texttt{Contact Info}} \ra...
The control sequence at the end of the top line
of your error message was never \def'ed. If you have
misspelled it (e.g., `\hobx'), type `I' and the correct
spelling (e.g., `I\hbox'). Otherwise just continue,
and I'll forget about whatever was undefined.

Missing character: There is no , in font nullfont!
! Undefined control sequence.
l.61 $\langle \text{Name}\rangle$, $\langle \text
                                                 {\texttt{Contact Info}} \ra...
The control sequence at the end of the top line
of your error message was never \def'ed. If you have
misspelled it (e.g., `\hobx'), type `I' and the correct
spelling (e.g., `I\hbox'). Otherwise just continue,
and I'll forget about whatever was undefined.


Overfull \hbox (35.62506pt too wide) in paragraph at lines 61--62
 []$\OMS/cmsy/m/n/10 h[]i$ 
 []


Overfull \hbox (70.77725pt too wide) in paragraph at lines 61--62
 \OMS/cmsy/m/n/10 h[]i$ 
 []

Missing character: There is no S in font nullfont!
Missing character: There is no p in font nullfont!
Missing character: There is no o in font nullfont!
Missing character: There is no n in font nullfont!
Missing character: There is no s in font nullfont!
Missing character: There is no o in font nullfont!
Missing character: There is no r in font nullfont!
Missing character: There is no i in font nullfont!
Missing character: There is no n in font nullfont!
Missing character: There is no g in font nullfont!
Missing character: There is no M in font nullfont!
Missing character: There is no e in font nullfont!
Missing character: There is no n in font nullfont!
Missing character: There is no t in font nullfont!
Missing character: There is no o in font nullfont!
Missing character: There is no r in font nullfont!
Missing character: There is no s in font nullfont!
! Undefined control sequence.
l.67 $\langle \text
                   {Name}\rangle$, $\langle \text{\texttt{Contact Info}} \ra...
The control sequence at the end of the top line
of your error message was never \def'ed. If you have
misspelled it (e.g., `\hobx'), type `I' and the correct
spelling (e.g., `I\hbox'). Otherwise just continue,
and I'll forget about whatever was undefined.

Missing character: There is no , in font nullfont!
! Undefined control sequence.
l.67 $\langle \text{Name}\rangle$, $\langle \text
                                                 {\texttt{Contact Info}} \ra...
The control sequence at the end of the top line
of your error message was never \def'ed. If you have
misspelled it (e.g., `\hobx'), type `I' and the correct
spelling (e.g., `I\hbox'). Otherwise just continue,
and I'll forget about whatever was undefined.


Overfull \hbox (35.62506pt too wide) in paragraph at lines 67--67
 []$\OMS/cmsy/m/n/10 h[]i$ 
 []


Overfull \hbox (70.77725pt too wide) in paragraph at lines 67--67
 \OMS/cmsy/m/n/10 h[]i$ 
 []

! Undefined control sequence.
l.69 $\langle \text
                   {Name}\rangle$, $\langle \text{\texttt{Contact Info}} \ra...
The control sequence at the end of the top line
of your error message was never \def'ed. If you have
misspelled it (e.g., `\hobx'), type `I' and the correct
spelling (e.g., `I\hbox'). Otherwise just continue,
and I'll forget about whatever was undefined.

Missing character: There is no , in font nullfont!
! Undefined control sequence.
l.69 $\langle \text{Name}\rangle$, $\langle \text
                                                 {\texttt{Contact Info}} \ra...
The control sequence at the end of the top line
of your error message was never \def'ed. If you have
misspelled it (e.g., `\hobx'), type `I' and the correct
spelling (e.g., `I\hbox'). Otherwise just continue,
and I'll forget about whatever was undefined.


Overfull \hbox (35.62506pt too wide) in paragraph at lines 69--70
 []$\OMS/cmsy/m/n/10 h[]i$ 
 []


Overfull \hbox (70.77725pt too wide) in paragraph at lines 69--70
 \OMS/cmsy/m/n/10 h[]i$ 
 []

Missing character: There is no C in font nullfont!
Missing character: There is no o in font nullfont!
Missing character: There is no n in font nullfont!
Missing character: There is no s in font nullfont!
Missing character: There is no u in font nullfont!
Missing character: There is no l in font nullfont!
Missing character: There is no t in font nullfont!
Missing character: There is no a in font nullfont!
Missing character: There is no n in font nullfont!
Missing character: There is no t in font nullfont!
Missing character: There is no s in font nullfont!
! Undefined control sequence.
l.75 $\langle \text
                   {Name}\rangle$\\
The control sequence at the end of the top line
of your error message was never \def'ed. If you have
misspelled it (e.g., `\hobx'), type `I' and the correct
spelling (e.g., `I\hbox'). Otherwise just continue,
and I'll forget about whatever was undefined.


Overfull \hbox (35.62506pt too wide) in paragraph at lines 75--75
 []$\OMS/cmsy/m/n/10 h[]i$ 
 []

! Undefined control sequence.
l.77 $\langle \text
                   {Name}\rangle$
The control sequence at the end of the top line
of your error message was never \def'ed. If you have
misspelled it (e.g., `\hobx'), type `I' and the correct
spelling (e.g., `I\hbox'). Otherwise just continue,
and I'll forget about whatever was undefined.


Overfull \hbox (35.62506pt too wide) in paragraph at lines 77--78
 []$\OMS/cmsy/m/n/10 h[]i$ 
 []

! Undefined control sequence.
l.81 $\langle \text
                   {Date: e.g., June 22, 2015}\rangle$
The control sequence at the end of the top line
of your error message was never \def'ed. If you have
misspelled it (e.g., `\hobx'), type `I' and the correct
spelling (e.g., `I\hbox'). Otherwise just continue,
and I'll forget about whatever was undefined.


Overfull \hbox (115.34058pt too wide) in paragraph at lines 81--82
 []$\OMS/cmsy/m/n/10 h[]i$ 
 []

)
! Emergency stop.
<*> titlepage.tex
                 
*** (job aborted, no legal \end found)

 
Here is how much of TeX's memory you used:
 20 strings out of 492995
 275 string characters out of 6132705
 57074 words of memory out of 5000000
 3670 multiletter control sequences out of 15000+600000
 4462 words of font info for 17 fonts, out of 8000000 for 9000
 1141 hyphenation exceptions out of 8191
 18i,5n,12p,133b,176s stack positions out of 5000i,500n,10000p,200000b,80000s
!  ==> Fatal error occurred, no output PDF file produced!
