This is pdfTeX, Version 3.14159265-2.6-1.40.19 (TeX Live 2018) (preloaded format=pdflatex 2018.8.2)  7 AUG 2018 14:08
entering extended mode
 restricted \write18 enabled.
 %&-line parsing enabled.
**z-Report-Master-2015.tex
(./z-Report-Master-2015.tex
LaTeX2e <2018-04-01> patch level 2
Babel <3.18> and hyphenation patterns for 84 language(s) loaded.
(/usr/local/texlive/2018/texmf-dist/tex/latex/base/report.cls
Document Class: report 2014/09/29 v1.4h Standard LaTeX document class
(/usr/local/texlive/2018/texmf-dist/tex/latex/base/size12.clo
File: size12.clo 2014/09/29 v1.4h Standard LaTeX file (size option)
)
\c@part=\count80
\c@chapter=\count81
\c@section=\count82
\c@subsection=\count83
\c@subsubsection=\count84
\c@paragraph=\count85
\c@subparagraph=\count86
\c@figure=\count87
\c@table=\count88
\abovecaptionskip=\skip41
\belowcaptionskip=\skip42
\bibindent=\dimen102
)
(/usr/local/texlive/2018/texmf-dist/tex/latex/amsmath/amsmath.sty
Package: amsmath 2017/09/02 v2.17a AMS math features
\@mathmargin=\skip43

For additional information on amsmath, use the `?' option.
(/usr/local/texlive/2018/texmf-dist/tex/latex/amsmath/amstext.sty
Package: amstext 2000/06/29 v2.01 AMS text

(/usr/local/texlive/2018/texmf-dist/tex/latex/amsmath/amsgen.sty
File: amsgen.sty 1999/11/30 v2.0 generic functions
\@emptytoks=\toks14
\ex@=\dimen103
))
(/usr/local/texlive/2018/texmf-dist/tex/latex/amsmath/amsbsy.sty
Package: amsbsy 1999/11/29 v1.2d Bold Symbols
\pmbraise@=\dimen104
)
(/usr/local/texlive/2018/texmf-dist/tex/latex/amsmath/amsopn.sty
Package: amsopn 2016/03/08 v2.02 operator names
)
\inf@bad=\count89
LaTeX Info: Redefining \frac on input line 213.
\uproot@=\count90
\leftroot@=\count91
LaTeX Info: Redefining \overline on input line 375.
\classnum@=\count92
\DOTSCASE@=\count93
LaTeX Info: Redefining \ldots on input line 472.
LaTeX Info: Redefining \dots on input line 475.
LaTeX Info: Redefining \cdots on input line 596.
\Mathstrutbox@=\box26
\strutbox@=\box27
\big@size=\dimen105
LaTeX Font Info:    Redeclaring font encoding OML on input line 712.
LaTeX Font Info:    Redeclaring font encoding OMS on input line 713.
\macc@depth=\count94
\c@MaxMatrixCols=\count95
\dotsspace@=\muskip10
\c@parentequation=\count96
\dspbrk@lvl=\count97
\tag@help=\toks15
\row@=\count98
\column@=\count99
\maxfields@=\count100
\andhelp@=\toks16
\eqnshift@=\dimen106
\alignsep@=\dimen107
\tagshift@=\dimen108
\tagwidth@=\dimen109
\totwidth@=\dimen110
\lineht@=\dimen111
\@envbody=\toks17
\multlinegap=\skip44
\multlinetaggap=\skip45
\mathdisplay@stack=\toks18
LaTeX Info: Redefining \[ on input line 2817.
LaTeX Info: Redefining \] on input line 2818.
)
(/usr/local/texlive/2018/texmf-dist/tex/latex/amsfonts/amsfonts.sty
Package: amsfonts 2013/01/14 v3.01 Basic AMSFonts support
\symAMSa=\mathgroup4
\symAMSb=\mathgroup5
LaTeX Font Info:    Overwriting math alphabet `\mathfrak' in version `bold'
(Font)                  U/euf/m/n --> U/euf/b/n on input line 106.
)
(/usr/local/texlive/2018/texmf-dist/tex/latex/caption/caption.sty
Package: caption 2016/02/21 v3.3-144 Customizing captions (AR)

(/usr/local/texlive/2018/texmf-dist/tex/latex/caption/caption3.sty
Package: caption3 2016/05/22 v1.7-166 caption3 kernel (AR)
Package caption3 Info: TeX engine: e-TeX on input line 67.

(/usr/local/texlive/2018/texmf-dist/tex/latex/graphics/keyval.sty
Package: keyval 2014/10/28 v1.15 key=value parser (DPC)
\KV@toks@=\toks19
)
\captionmargin=\dimen112
\captionmargin@=\dimen113
\captionwidth=\dimen114
\caption@tempdima=\dimen115
\caption@indent=\dimen116
\caption@parindent=\dimen117
\caption@hangindent=\dimen118
)
\c@ContinuedFloat=\count101
)
(/usr/local/texlive/2018/texmf-dist/tex/latex/caption/subcaption.sty
Package: subcaption 2016/05/22 v1.1-161 Sub-captions (AR)
\c@subfigure=\count102
\c@subtable=\count103
)
(/usr/local/texlive/2018/texmf-dist/tex/latex/graphics/graphicx.sty
Package: graphicx 2017/06/01 v1.1a Enhanced LaTeX Graphics (DPC,SPQR)

(/usr/local/texlive/2018/texmf-dist/tex/latex/graphics/graphics.sty
Package: graphics 2017/06/25 v1.2c Standard LaTeX Graphics (DPC,SPQR)

(/usr/local/texlive/2018/texmf-dist/tex/latex/graphics/trig.sty
Package: trig 2016/01/03 v1.10 sin cos tan (DPC)
)
(/usr/local/texlive/2018/texmf-dist/tex/latex/graphics-cfg/graphics.cfg
File: graphics.cfg 2016/06/04 v1.11 sample graphics configuration
)
Package graphics Info: Driver file: dvips.def on input line 99.

(/usr/local/texlive/2018/texmf-dist/tex/latex/graphics-def/dvips.def
File: dvips.def 2017/06/20 v3.1d Graphics/color driver for dvips
))
\Gin@req@height=\dimen119
\Gin@req@width=\dimen120
)
(/usr/local/texlive/2018/texmf-dist/tex/latex/float/float.sty
Package: float 2001/11/08 v1.3d Float enhancements (AL)
\c@float@type=\count104
\float@exts=\toks20
\float@box=\box28
\@float@everytoks=\toks21
\@floatcapt=\box29
)
(/usr/local/texlive/2018/texmf-dist/tex/latex/base/doc.sty
Package: doc 2018/02/01 v2.1h Standard LaTeX documentation package (FMi)
\c@StandardModuleDepth=\count105
\guard@level=\count106
\MacrocodeTopsep=\skip46
\MacroIndent=\dimen121
\macro@cnt=\count107
\MacroTopsep=\skip47
\index@excludelist=\toks22

(/usr/local/texlive/2018/texmf-dist/tex/latex/tools/multicol.sty
Package: multicol 2018/04/01 v1.8r multicolumn formatting (FMi)
\c@tracingmulticols=\count108
\mult@box=\box30
\multicol@leftmargin=\dimen122
\c@unbalance=\count109
\c@collectmore=\count110
\doublecol@number=\count111
\multicoltolerance=\count112
\multicolpretolerance=\count113
\full@width=\dimen123
\page@free=\dimen124
\premulticols=\dimen125
\postmulticols=\dimen126
\multicolsep=\skip48
\multicolbaselineskip=\skip49
\partial@page=\box31
\last@line=\box32
\maxbalancingoverflow=\dimen127
\mult@rightbox=\box33
\mult@grightbox=\box34
\mult@gfirstbox=\box35
\mult@firstbox=\box36
\@tempa=\box37
\@tempa=\box38
\@tempa=\box39
\@tempa=\box40
\@tempa=\box41
\@tempa=\box42
\@tempa=\box43
\@tempa=\box44
\@tempa=\box45
\@tempa=\box46
\@tempa=\box47
\@tempa=\box48
\@tempa=\box49
\@tempa=\box50
\@tempa=\box51
\@tempa=\box52
\@tempa=\box53
\c@columnbadness=\count114
\c@finalcolumnbadness=\count115
\last@try=\dimen128
\multicolovershoot=\dimen129
\multicolundershoot=\dimen130
\mult@nat@firstbox=\box54
\colbreak@box=\box55
\mc@col@check@num=\count116
)
\IndexMin=\dimen131
\c@IndexColumns=\count117
\GlossaryMin=\dimen132
\c@GlossaryColumns=\count118
\check@sum=\count119
\bslash@cnt=\count120
\wrong@table=\toks23
\c@CodelineNo=\count121
)
(/usr/local/texlive/2018/texmf-dist/tex/latex/base/ifthen.sty
Package: ifthen 2014/09/29 v1.1c Standard LaTeX ifthen package (DPC)
)
(/usr/local/texlive/2018/texmf-dist/tex/latex/graphics/color.sty
Package: color 2016/07/10 v1.1e Standard LaTeX Color (DPC)

(/usr/local/texlive/2018/texmf-dist/tex/latex/graphics-cfg/color.cfg
File: color.cfg 2016/01/02 v1.6 sample color configuration
)
Package color Info: Driver file: pdftex.def on input line 147.

(/usr/local/texlive/2018/texmf-dist/tex/latex/graphics-def/pdftex.def
File: pdftex.def 2018/01/08 v1.0l Graphics/color driver for pdftex
))
(/usr/local/texlive/2018/texmf-dist/tex/latex/fancyvrb/fancyvrb.sty
Package: fancyvrb 2008/02/07

Style option: `fancyvrb' v2.7a, with DG/SPQR fixes, and firstline=lastline fix 
<2008/02/07> (tvz)
\FV@CodeLineNo=\count122
\FV@InFile=\read1
\FV@TabBox=\box56
\c@FancyVerbLine=\count123
\FV@StepNumber=\count124
\FV@OutFile=\write3
)
(/usr/local/texlive/2018/texmf-dist/tex/latex/nextpage/nextpage.sty
Package: nextpage 2009/09/03 v1.1a additional page commands
)
(/usr/local/texlive/2018/texmf-dist/tex/latex/excludeonly/excludeonly.sty
Package: excludeonly 2003/03/14 v1.0 eponymous command opposite to \includeonly

)
\c@theorem=\count125
\c@lemma=\count126
\c@definition=\count127

(./z-Report-Master-2015.aux (./chapter1.aux) (./chapter2.aux) (./chapter3.aux)
(./chapter4.aux) (./chapter5.aux) (./chapter6.aux) (./chapter7.aux))
\openout1 = `z-Report-Master-2015.aux'.

LaTeX Font Info:    Checking defaults for OML/cmm/m/it on input line 68.
LaTeX Font Info:    ... okay on input line 68.
LaTeX Font Info:    Checking defaults for T1/cmr/m/n on input line 68.
LaTeX Font Info:    ... okay on input line 68.
LaTeX Font Info:    Checking defaults for OT1/cmr/m/n on input line 68.
LaTeX Font Info:    ... okay on input line 68.
LaTeX Font Info:    Checking defaults for OMS/cmsy/m/n on input line 68.
LaTeX Font Info:    ... okay on input line 68.
LaTeX Font Info:    Checking defaults for OMX/cmex/m/n on input line 68.
LaTeX Font Info:    ... okay on input line 68.
LaTeX Font Info:    Checking defaults for U/cmr/m/n on input line 68.
LaTeX Font Info:    ... okay on input line 68.
Package caption Info: Begin \AtBeginDocument code.
Package caption Info: float package is loaded.
Package caption Info: End \AtBeginDocument code.

(/usr/local/texlive/2018/texmf-dist/tex/context/base/mkii/supp-pdf.mkii
[Loading MPS to PDF converter (version 2006.09.02).]
\scratchcounter=\count128
\scratchdimen=\dimen133
\scratchbox=\box57
\nofMPsegments=\count129
\nofMParguments=\count130
\everyMPshowfont=\toks24
\MPscratchCnt=\count131
\MPscratchDim=\dimen134
\MPnumerator=\count132
\makeMPintoPDFobject=\count133
\everyMPtoPDFconversion=\toks25
) (/usr/local/texlive/2018/texmf-dist/tex/latex/oberdiek/epstopdf-base.sty
Package: epstopdf-base 2016/05/15 v2.6 Base part for package epstopdf

(/usr/local/texlive/2018/texmf-dist/tex/generic/oberdiek/infwarerr.sty
Package: infwarerr 2016/05/16 v1.4 Providing info/warning/error messages (HO)
)
(/usr/local/texlive/2018/texmf-dist/tex/latex/oberdiek/grfext.sty
Package: grfext 2016/05/16 v1.2 Manage graphics extensions (HO)

(/usr/local/texlive/2018/texmf-dist/tex/generic/oberdiek/kvdefinekeys.sty
Package: kvdefinekeys 2016/05/16 v1.4 Define keys (HO)

(/usr/local/texlive/2018/texmf-dist/tex/generic/oberdiek/ltxcmds.sty
Package: ltxcmds 2016/05/16 v1.23 LaTeX kernel commands for general use (HO)
)))
(/usr/local/texlive/2018/texmf-dist/tex/latex/oberdiek/kvoptions.sty
Package: kvoptions 2016/05/16 v3.12 Key value format for package options (HO)

(/usr/local/texlive/2018/texmf-dist/tex/generic/oberdiek/kvsetkeys.sty
Package: kvsetkeys 2016/05/16 v1.17 Key value parser (HO)

(/usr/local/texlive/2018/texmf-dist/tex/generic/oberdiek/etexcmds.sty
Package: etexcmds 2016/05/16 v1.6 Avoid name clashes with e-TeX commands (HO)

(/usr/local/texlive/2018/texmf-dist/tex/generic/oberdiek/ifluatex.sty
Package: ifluatex 2016/05/16 v1.4 Provides the ifluatex switch (HO)
Package ifluatex Info: LuaTeX not detected.
)
Package etexcmds Info: Could not find \expanded.
(etexcmds)             That can mean that you are not using pdfTeX 1.50 or
(etexcmds)             that some package has redefined \expanded.
(etexcmds)             In the latter case, load this package earlier.
)))
(/usr/local/texlive/2018/texmf-dist/tex/generic/oberdiek/pdftexcmds.sty
Package: pdftexcmds 2018/01/30 v0.27 Utility functions of pdfTeX for LuaTeX (HO
)

(/usr/local/texlive/2018/texmf-dist/tex/generic/oberdiek/ifpdf.sty
Package: ifpdf 2017/03/15 v3.2 Provides the ifpdf switch
)
Package pdftexcmds Info: LuaTeX not detected.
Package pdftexcmds Info: \pdf@primitive is available.
Package pdftexcmds Info: \pdf@ifprimitive is available.
Package pdftexcmds Info: \pdfdraftmode found.
)
Package epstopdf-base Info: Redefining graphics rule for `.eps' on input line 4
38.
Package grfext Info: Graphics extension search list:
(grfext)             [ps,eps,.eps]
(grfext)             \AppendGraphicsExtensions on input line 456.

(/usr/local/texlive/2018/texmf-dist/tex/latex/latexconfig/epstopdf-sys.cfg
File: epstopdf-sys.cfg 2010/07/13 v1.3 Configuration of (r)epstopdf for TeX Liv
e
))
(./titlepage.tex
<Graphics/HKUST_logo.jpg, id=1, 131.7723pt x 131.7723pt>
File: Graphics/HKUST_logo.jpg Graphic file (type jpg)
<use Graphics/HKUST_logo.jpg>
Package pdftex.def Info: Graphics/HKUST_logo.jpg  used on input line 20.
(pdftex.def)             Requested size: 85.35826pt x 85.36142pt.
<Graphics/SNU_logo.jpg, id=2, 276.03125pt x 112.42pt>
File: Graphics/SNU_logo.jpg Graphic file (type jpg)
<use Graphics/SNU_logo.jpg>
Package pdftex.def Info: Graphics/SNU_logo.jpg  used on input line 25.
(pdftex.def)             Requested size: 170.71652pt x 69.53157pt.
LaTeX Font Info:    Try loading font information for U+msa on input line 31.
 (/usr/local/texlive/2018/texmf-dist/tex/latex/amsfonts/umsa.fd
File: umsa.fd 2013/01/14 v3.01 AMS symbols A
)
LaTeX Font Info:    Try loading font information for U+msb on input line 31.
 (/usr/local/texlive/2018/texmf-dist/tex/latex/amsfonts/umsb.fd
File: umsb.fd 2013/01/14 v3.01 AMS symbols B
)
Overfull \hbox (28.01106pt too wide) in paragraph at lines 39--40
 []$\OMS/cmsy/m/n/12 h[]i$ 
 []

! Missing $ inserted.
<inserted text> 
                $
l.70 
     
I've inserted a begin-math/end-math symbol since I think
you left one out. Proceed, with fingers crossed.

! Missing } inserted.
<inserted text> 
                }
l.70 
     
I've inserted something that you may have forgotten.
(See the <inserted text> above.)
With luck, this will get me unwedged. But if you
really didn't forget anything, try typing `2' now; then
my insertion and my current dilemma will both disappear.

! Extra }, or forgotten \endgroup.
\par ...m \@noitemerr {\@@par }\fi \else {\@@par }
                                                  \fi 
l.70 
     
I've deleted a group-closing symbol because it seems to be
spurious, as in `$x}$'. But perhaps the } is legitimate and
you forgot something else, as in `\hbox{$x}'. In such cases
the way to recover is to insert both the forgotten and the
deleted material, e.g., by typing `I$}'.

) [1
Non-PDF special ignored!
<special> papersize=614.295pt,794.96999pt

{/usr/local/texlive/2018/texmf-var/fonts/map/pdftex/updmap/pdftex.map} <./Graph
ics/HKUST_logo.jpg> <./Graphics/SNU_logo.jpg>] [2

] (./Abstract/Abstract.tex)
[3


] [4

] (./Acknowledgements/Acknowledgements.tex) [5


] [6

]
(./z-Report-Master-2015.toc)
\tf@toc=\write4
\openout4 = `z-Report-Master-2015.toc'.

 [7


] [8

] (./z-Report-Master-2015.lof)
\tf@lof=\write5
\openout5 = `z-Report-Master-2015.lof'.

 [9


] [10

]
(./z-Report-Master-2015.lot)
\tf@lot=\write6
\openout6 = `z-Report-Master-2015.lot'.

 [11


] [12

]
\openout2 = `chapter1.aux'.

 (./chapter1.tex
Chapter 1.
) [13



] [14]
\openout2 = `chapter2.aux'.

 (./chapter2.tex
Chapter 2.

LaTeX Warning: Command \textquoteright invalid in math mode on input line 9.


LaTeX Warning: Command \textquoteright invalid in math mode on input line 10.


LaTeX Warning: Command \textquoteright invalid in math mode on input line 10.


LaTeX Warning: Command \textellipsis invalid in math mode on input line 14.

[15




]

LaTeX Warning: Command \textquoteright invalid in math mode on input line 41.

)
Overfull \hbox (10.71661pt too wide) in paragraph at lines 47--115
[]
 []


Underfull \vbox (badness 10000) has occurred while \output is active []

 [16]
[17] [18


]
\openout2 = `chapter3.aux'.

 (./chapter3.tex
Chapter 3.
) [19



] [20


]
\openout2 = `chapter4.aux'.

 (./chapter4.tex
Chapter 4.
[21



]
<Graphics/highbeta_pricechange.jpg, id=86, 1011.78pt x 722.7pt>
File: Graphics/highbeta_pricechange.jpg Graphic file (type jpg)
<use Graphics/highbeta_pricechange.jpg>
Package pdftex.def Info: Graphics/highbeta_pricechange.jpg  used on input line 
31.
(pdftex.def)             Requested size: 346.89731pt x 247.78792pt.


LaTeX Warning: `h' float specifier changed to `ht'.

<Graphics/lowbeta_pricechange.jpg, id=88, 722.7pt x 578.16pt>
File: Graphics/lowbeta_pricechange.jpg Graphic file (type jpg)
<use Graphics/lowbeta_pricechange.jpg>
Package pdftex.def Info: Graphics/lowbeta_pricechange.jpg  used on input line 3
7.
(pdftex.def)             Requested size: 346.89731pt x 277.51364pt.

LaTeX Warning: `h' float specifier changed to `ht'.

) [22] [23 <./Graphics/highbeta_pricechange.jpg> <./Graphics/lowbeta_pricechang
e.jpg>] [24


]
\openout2 = `chapter5.aux'.

 (./chapter5.tex
Chapter 5.
Package epstopdf Info: Source file: <Graphics/q_learning_KS1.eps>
(epstopdf)                    date: 2018-08-07 12:56:29
(epstopdf)                    size: 7473172 bytes
(epstopdf)             Output file: <Graphics/q_learning_KS1-eps-converted-to.p
df>
(epstopdf)                    date: 2018-08-07 12:56:29
(epstopdf)                    size: 171818 bytes
(epstopdf)             Command: <repstopdf --outfile=Graphics/q_learning_KS1-ep
s-converted-to.pdf Graphics/q_learning_KS1.eps>
(epstopdf)             \includegraphics on input line 15.
Package epstopdf Info: Output file is already uptodate.
<Graphics/q_learning_KS1-eps-converted-to.pdf, id=101, 462.72874pt x 347.2975pt
>
File: Graphics/q_learning_KS1-eps-converted-to.pdf Graphic file (type pdf)
<use Graphics/q_learning_KS1-eps-converted-to.pdf>
Package pdftex.def Info: Graphics/q_learning_KS1-eps-converted-to.pdf  used on 
input line 15.
(pdftex.def)             Requested size: 238.49231pt x 179.00064pt.

Overfull \hbox (21.68231pt too wide) in paragraph at lines 15--15
 [][] 
 []

<Graphics/q_learning_AM4.jpg, id=103, 462.528pt x 346.896pt>
File: Graphics/q_learning_AM4.jpg Graphic file (type jpg)
<use Graphics/q_learning_AM4.jpg>
Package pdftex.def Info: Graphics/q_learning_AM4.jpg  used on input line 19.
(pdftex.def)             Requested size: 238.49231pt x 178.8731pt.

Overfull \hbox (21.68231pt too wide) in paragraph at lines 19--19
 [][] 
 []

<Graphics/q_learning_MP9.jpg, id=105, 462.528pt x 346.896pt>
File: Graphics/q_learning_MP9.jpg Graphic file (type jpg)
<use Graphics/q_learning_MP9.jpg>
Package pdftex.def Info: Graphics/q_learning_MP9.jpg  used on input line 24.
(pdftex.def)             Requested size: 238.49231pt x 178.8731pt.

Overfull \hbox (21.68231pt too wide) in paragraph at lines 24--24
 [][] 
 []

<Graphics/q_learning_NS10.jpg, id=107, 462.528pt x 346.896pt>
File: Graphics/q_learning_NS10.jpg Graphic file (type jpg)
<use Graphics/q_learning_NS10.jpg>
Package pdftex.def Info: Graphics/q_learning_NS10.jpg  used on input line 28.
(pdftex.def)             Requested size: 238.49231pt x 178.8731pt.

Overfull \hbox (21.68231pt too wide) in paragraph at lines 28--28
 [][] 
 []

<Graphics/dimension.jpg, id=109, 433.62pt x 289.08pt>
File: Graphics/dimension.jpg Graphic file (type jpg)
<use Graphics/dimension.jpg>
Package pdftex.def Info: Graphics/dimension.jpg  used on input line 33.
(pdftex.def)             Requested size: 346.89731pt x 231.27754pt.

Underfull \vbox (badness 10000) has occurred while \output is active []

 [25



]
Overfull \vbox (24.54465pt too high) has occurred while \output is active []


[26 <./Graphics/q_learning_KS1-eps-converted-to.pdf> <./Graphics/q_learning_AM4
.jpg> <./Graphics/q_learning_MP9.jpg> <./Graphics/q_learning_NS10.jpg> <./Graph
ics/dimension.jpg>]
<Graphics/test1_pricechange.jpg, id=126, 1011.78pt x 722.7pt>
File: Graphics/test1_pricechange.jpg Graphic file (type jpg)
<use Graphics/test1_pricechange.jpg>
Package pdftex.def Info: Graphics/test1_pricechange.jpg  used on input line 43.

(pdftex.def)             Requested size: 303.53267pt x 216.81166pt.
<Graphics/test_KS1_AC_action.jpg, id=128, 462.528pt x 346.896pt>
File: Graphics/test_KS1_AC_action.jpg Graphic file (type jpg)
<use Graphics/test_KS1_AC_action.jpg>
Package pdftex.def Info: Graphics/test_KS1_AC_action.jpg  used on input line 49
.
(pdftex.def)             Requested size: 238.49231pt x 178.8731pt.

Overfull \hbox (21.68231pt too wide) in paragraph at lines 49--49
 [][] 
 []

<Graphics/test_LP3_AC_action.jpg, id=130, 462.528pt x 346.896pt>
File: Graphics/test_LP3_AC_action.jpg Graphic file (type jpg)
<use Graphics/test_LP3_AC_action.jpg>
Package pdftex.def Info: Graphics/test_LP3_AC_action.jpg  used on input line 54
.
(pdftex.def)             Requested size: 238.49231pt x 178.8731pt.

Overfull \hbox (21.68231pt too wide) in paragraph at lines 54--54
 [][] 
 []


Overfull \hbox (2.61108pt too wide) in paragraph at lines 47--56
[]$[]$ $[]$ 
 []

[27 <./Graphics/test1_pricechange.jpg> <./Graphics/test_KS1_AC_action.jpg> <./G
raphics/test_LP3_AC_action.jpg>]
<Graphics/test_NS10_AC_action.jpg, id=138, 462.528pt x 346.896pt>
File: Graphics/test_NS10_AC_action.jpg Graphic file (type jpg)
<use Graphics/test_NS10_AC_action.jpg>
Package pdftex.def Info: Graphics/test_NS10_AC_action.jpg  used on input line 6
3.
(pdftex.def)             Requested size: 390.25534pt x 292.70335pt.
<Graphics/test2_pricechange.jpg, id=140, 1011.78pt x 722.7pt>
File: Graphics/test2_pricechange.jpg Graphic file (type jpg)
<use Graphics/test2_pricechange.jpg>
Package pdftex.def Info: Graphics/test2_pricechange.jpg  used on input line 69.

(pdftex.def)             Requested size: 390.25534pt x 278.75313pt.

Overfull \vbox (23.64987pt too high) has occurred while \output is active []


[28 <./Graphics/test_NS10_AC_action.jpg> <./Graphics/test2_pricechange.jpg>]
<Graphics/test_NM5_FC_action.jpg, id=147, 462.528pt x 346.896pt>
File: Graphics/test_NM5_FC_action.jpg Graphic file (type jpg)
<use Graphics/test_NM5_FC_action.jpg>
Package pdftex.def Info: Graphics/test_NM5_FC_action.jpg  used on input line 80
.
(pdftex.def)             Requested size: 195.12767pt x 146.34637pt.
<Graphics/test_AS8_FC_action.jpg, id=149, 462.528pt x 346.896pt>
File: Graphics/test_AS8_FC_action.jpg Graphic file (type jpg)
<use Graphics/test_AS8_FC_action.jpg>
Package pdftex.def Info: Graphics/test_AS8_FC_action.jpg  used on input line 85
.
(pdftex.def)             Requested size: 195.12767pt x 146.34637pt.
<Graphics/test_NS10_FC_action.jpg, id=151, 462.528pt x 346.896pt>
File: Graphics/test_NS10_FC_action.jpg Graphic file (type jpg)
<use Graphics/test_NS10_FC_action.jpg>
Package pdftex.def Info: Graphics/test_NS10_FC_action.jpg  used on input line 8
9.
(pdftex.def)             Requested size: 260.17464pt x 195.1391pt.

Overfull \hbox (2.61108pt too wide) in paragraph at lines 78--91
[]$[]$ $[]$ 
 []

<Graphics/actionchange3.jpg, id=153, 1445.4pt x 433.62pt>
File: Graphics/actionchange3.jpg Graphic file (type jpg)
<use Graphics/actionchange3.jpg>
Package pdftex.def Info: Graphics/actionchange3.jpg  used on input line 94.
(pdftex.def)             Requested size: 303.53267pt x 91.05626pt.
[29 <./Graphics/test_NM5_FC_action.jpg> <./Graphics/test_AS8_FC_action.jpg> <./
Graphics/test_NS10_FC_action.jpg> <./Graphics/actionchange3.jpg>]
<Graphics/trainParameterWithT.png, id=162, 462.528pt x 346.896pt>
File: Graphics/trainParameterWithT.png Graphic file (type png)
<use Graphics/trainParameterWithT.png>
Package pdftex.def Info: Graphics/trainParameterWithT.png  used on input line 1
08.
(pdftex.def)             Requested size: 195.12767pt x 146.34637pt.
<Graphics/trainParameterWTSharpe.png, id=165, 462.528pt x 346.896pt>
File: Graphics/trainParameterWTSharpe.png Graphic file (type png)
<use Graphics/trainParameterWTSharpe.png>
Package pdftex.def Info: Graphics/trainParameterWTSharpe.png  used on input lin
e 113.
(pdftex.def)             Requested size: 195.12767pt x 146.34637pt.
<Graphics/trainParameter3WT.png, id=167, 462.528pt x 346.896pt>
File: Graphics/trainParameter3WT.png Graphic file (type png)
<use Graphics/trainParameter3WT.png>
Package pdftex.def Info: Graphics/trainParameter3WT.png  used on input line 118
.
(pdftex.def)             Requested size: 195.12767pt x 146.34637pt.
<Graphics/trainParameter3WTS.png, id=169, 462.528pt x 346.896pt>
File: Graphics/trainParameter3WTS.png Graphic file (type png)
<use Graphics/trainParameter3WTS.png>
Package pdftex.def Info: Graphics/trainParameter3WTS.png  used on input line 12
2.
(pdftex.def)             Requested size: 195.12767pt x 146.34637pt.
<Graphics/trainPA9.png, id=171, 462.528pt x 346.896pt>
File: Graphics/trainPA9.png Graphic file (type png)
<use Graphics/trainPA9.png>
Package pdftex.def Info: Graphics/trainPA9.png  used on input line 127.
(pdftex.def)             Requested size: 195.12767pt x 146.34637pt.
<Graphics/trainPA9S.png, id=173, 462.528pt x 346.896pt>
File: Graphics/trainPA9S.png Graphic file (type png)
<use Graphics/trainPA9S.png>
Package pdftex.def Info: Graphics/trainPA9S.png  used on input line 131.
(pdftex.def)             Requested size: 195.12767pt x 146.34637pt.
 [30 <./Graphics/trainParameterWithT.png> <./Graphics/trainParameterWTSharpe.pn
g> <./Graphics/trainParameter3WT.png> <./Graphics/trainParameter3WTS.png> <./Gr
aphics/trainPA9.png> <./Graphics/trainPA9S.png>]
<Graphics/TestAC3.png, id=190, 462.528pt x 346.896pt>
File: Graphics/TestAC3.png Graphic file (type png)
<use Graphics/TestAC3.png>
Package pdftex.def Info: Graphics/TestAC3.png  used on input line 141.
(pdftex.def)             Requested size: 195.12767pt x 146.34637pt.
<Graphics/TESTAC3S.png, id=192, 462.528pt x 346.896pt>
File: Graphics/TESTAC3S.png Graphic file (type png)
<use Graphics/TESTAC3S.png>
Package pdftex.def Info: Graphics/TESTAC3S.png  used on input line 145.
(pdftex.def)             Requested size: 195.12767pt x 146.34637pt.
<Graphics/TESTFC3.png, id=194, 462.528pt x 346.896pt>
File: Graphics/TESTFC3.png Graphic file (type png)
<use Graphics/TESTFC3.png>
Package pdftex.def Info: Graphics/TESTFC3.png  used on input line 150.
(pdftex.def)             Requested size: 195.12767pt x 146.34637pt.
<Graphics/TESTFC3S.png, id=196, 462.528pt x 346.896pt>
File: Graphics/TESTFC3S.png Graphic file (type png)
<use Graphics/TESTFC3S.png>
Package pdftex.def Info: Graphics/TESTFC3S.png  used on input line 154.
(pdftex.def)             Requested size: 195.12767pt x 146.34637pt.
<Graphics/trainPA00WT.png, id=198, 462.528pt x 346.896pt>
File: Graphics/trainPA00WT.png Graphic file (type png)
<use Graphics/trainPA00WT.png>
Package pdftex.def Info: Graphics/trainPA00WT.png  used on input line 161.
(pdftex.def)             Requested size: 195.12767pt x 146.34637pt.
<Graphics/trainPA00S.png, id=200, 462.528pt x 346.896pt>
File: Graphics/trainPA00S.png Graphic file (type png)
<use Graphics/trainPA00S.png>
Package pdftex.def Info: Graphics/trainPA00S.png  used on input line 165.
(pdftex.def)             Requested size: 195.12767pt x 146.34637pt.

Underfull \hbox (badness 1394) in paragraph at lines 139--167
\OT1/cmr/m/n/12 sult, so we use each 10 days as a pe-riod to get the re-gres-si
on func-tions.
 []

[31 <./Graphics/TestAC3.png> <./Graphics/TESTAC3S.png> <./Graphics/TESTFC3.png>
 <./Graphics/TESTFC3S.png> <./Graphics/trainPA00WT.png> <./Graphics/trainPA00S.
png>]
<Graphics/trainPA33.png, id=218, 462.528pt x 346.896pt>
File: Graphics/trainPA33.png Graphic file (type png)
<use Graphics/trainPA33.png>
Package pdftex.def Info: Graphics/trainPA33.png  used on input line 173.
(pdftex.def)             Requested size: 195.12767pt x 146.34637pt.
<Graphics/trainPA33S.png, id=220, 462.528pt x 346.896pt>
File: Graphics/trainPA33S.png Graphic file (type png)
<use Graphics/trainPA33S.png>
Package pdftex.def Info: Graphics/trainPA33S.png  used on input line 177.
(pdftex.def)             Requested size: 195.12767pt x 146.34637pt.
<Graphics/trainPA99.png, id=222, 462.528pt x 346.896pt>
File: Graphics/trainPA99.png Graphic file (type png)
<use Graphics/trainPA99.png>
Package pdftex.def Info: Graphics/trainPA99.png  used on input line 182.
(pdftex.def)             Requested size: 195.12767pt x 146.34637pt.
<Graphics/trainPA99s.png, id=224, 462.528pt x 346.896pt>
File: Graphics/trainPA99s.png Graphic file (type png)
<use Graphics/trainPA99s.png>
Package pdftex.def Info: Graphics/trainPA99s.png  used on input line 186.
(pdftex.def)             Requested size: 195.12767pt x 146.34637pt.
<Graphics/TESTAC10.png, id=226, 462.528pt x 346.896pt>
File: Graphics/TESTAC10.png Graphic file (type png)
<use Graphics/TESTAC10.png>
Package pdftex.def Info: Graphics/TESTAC10.png  used on input line 195.
(pdftex.def)             Requested size: 195.12767pt x 146.34637pt.
<Graphics/TESTAC10S.png, id=228, 462.528pt x 346.896pt>
File: Graphics/TESTAC10S.png Graphic file (type png)
<use Graphics/TESTAC10S.png>
Package pdftex.def Info: Graphics/TESTAC10S.png  used on input line 199.
(pdftex.def)             Requested size: 195.12767pt x 146.34637pt.
 [32 <./Graphics/trainPA33.png> <./Graphics/trainPA33S.png> <./Graphics/trainPA
99.png> <./Graphics/trainPA99s.png> <./Graphics/TESTAC10.png> <./Graphics/TESTA
C10S.png>]
<Graphics/TESTFC10.png, id=246, 462.528pt x 346.896pt>
File: Graphics/TESTFC10.png Graphic file (type png)
<use Graphics/TESTFC10.png>
Package pdftex.def Info: Graphics/TESTFC10.png  used on input line 207.
(pdftex.def)             Requested size: 195.12767pt x 146.34637pt.
<Graphics/TESTFC10S.png, id=248, 462.528pt x 346.896pt>
File: Graphics/TESTFC10S.png Graphic file (type png)
<use Graphics/TESTFC10S.png>
Package pdftex.def Info: Graphics/TESTFC10S.png  used on input line 211.
(pdftex.def)             Requested size: 195.12767pt x 146.34637pt.
<Graphics/TESTAC3Dby10train.png, id=250, 462.528pt x 346.896pt>
File: Graphics/TESTAC3Dby10train.png Graphic file (type png)
<use Graphics/TESTAC3Dby10train.png>
Package pdftex.def Info: Graphics/TESTAC3Dby10train.png  used on input line 225
.
(pdftex.def)             Requested size: 195.12767pt x 146.34637pt.
<Graphics/TESTAC3Dby10trainS.png, id=252, 462.528pt x 346.896pt>
File: Graphics/TESTAC3Dby10trainS.png Graphic file (type png)
<use Graphics/TESTAC3Dby10trainS.png>
Package pdftex.def Info: Graphics/TESTAC3Dby10trainS.png  used on input line 22
9.
(pdftex.def)             Requested size: 195.12767pt x 146.34637pt.
<Graphics/TESTFC3Dby10train.png, id=254, 462.528pt x 346.896pt>
File: Graphics/TESTFC3Dby10train.png Graphic file (type png)
<use Graphics/TESTFC3Dby10train.png>
Package pdftex.def Info: Graphics/TESTFC3Dby10train.png  used on input line 234
.
(pdftex.def)             Requested size: 195.12767pt x 146.34637pt.
<Graphics/TestFC3Dby10trainS.png, id=256, 462.528pt x 346.896pt>
File: Graphics/TestFC3Dby10trainS.png Graphic file (type png)
<use Graphics/TestFC3Dby10trainS.png>
Package pdftex.def Info: Graphics/TestFC3Dby10trainS.png  used on input line 23
8.
(pdftex.def)             Requested size: 195.12767pt x 146.34637pt.
 [33 <./Graphics/TESTFC10.png> <./Graphics/TESTFC10S.png> <./Graphics/TESTAC3Db
y10train.png> <./Graphics/TESTAC3Dby10trainS.png> <./Graphics/TESTFC3Dby10train
.png> <./Graphics/TestFC3Dby10trainS.png>]
<Graphics/NEW_TRY1.png, id=273, 462.528pt x 346.896pt>
File: Graphics/NEW_TRY1.png Graphic file (type png)
<use Graphics/NEW_TRY1.png>
Package pdftex.def Info: Graphics/NEW_TRY1.png  used on input line 255.
(pdftex.def)             Requested size: 195.12767pt x 146.34637pt.
<Graphics/NEW_TRY1S.png, id=275, 462.528pt x 346.896pt>
File: Graphics/NEW_TRY1S.png Graphic file (type png)
<use Graphics/NEW_TRY1S.png>
Package pdftex.def Info: Graphics/NEW_TRY1S.png  used on input line 259.
(pdftex.def)             Requested size: 195.12767pt x 146.34637pt.
<Graphics/NEW_TRY1TEST.png, id=277, 462.528pt x 346.896pt>
File: Graphics/NEW_TRY1TEST.png Graphic file (type png)
<use Graphics/NEW_TRY1TEST.png>
Package pdftex.def Info: Graphics/NEW_TRY1TEST.png  used on input line 264.
(pdftex.def)             Requested size: 195.12767pt x 146.34637pt.
<Graphics/NEW_TRY1TESTS.png, id=279, 462.528pt x 346.896pt>
File: Graphics/NEW_TRY1TESTS.png Graphic file (type png)
<use Graphics/NEW_TRY1TESTS.png>
Package pdftex.def Info: Graphics/NEW_TRY1TESTS.png  used on input line 268.
(pdftex.def)             Requested size: 195.12767pt x 146.34637pt.
 [34 <./Graphics/NEW_TRY1.png> <./Graphics/NEW_TRY1S.png> <./Graphics/NEW_TRY1T
EST.png> <./Graphics/NEW_TRY1TESTS.png>]
<Graphics/New_try_rewardpv.png, id=292, 462.528pt x 346.896pt>
File: Graphics/New_try_rewardpv.png Graphic file (type png)
<use Graphics/New_try_rewardpv.png>
Package pdftex.def Info: Graphics/New_try_rewardpv.png  used on input line 277.

(pdftex.def)             Requested size: 195.12767pt x 146.34637pt.
<Graphics/new_try_rewardpvS.png, id=294, 462.528pt x 346.896pt>
File: Graphics/new_try_rewardpvS.png Graphic file (type png)
<use Graphics/new_try_rewardpvS.png>
Package pdftex.def Info: Graphics/new_try_rewardpvS.png  used on input line 281
.
(pdftex.def)             Requested size: 195.12767pt x 146.34637pt.
<Graphics/NEW_TEST_REWARDPV.png, id=296, 462.528pt x 346.896pt>
File: Graphics/NEW_TEST_REWARDPV.png Graphic file (type png)
<use Graphics/NEW_TEST_REWARDPV.png>
Package pdftex.def Info: Graphics/NEW_TEST_REWARDPV.png  used on input line 286
.
(pdftex.def)             Requested size: 195.12767pt x 146.34637pt.
<Graphics/REWARDPVS.png, id=298, 462.528pt x 346.896pt>
File: Graphics/REWARDPVS.png Graphic file (type png)
<use Graphics/REWARDPVS.png>
Package pdftex.def Info: Graphics/REWARDPVS.png  used on input line 290.
(pdftex.def)             Requested size: 195.12767pt x 146.34637pt.
 [35 <./Graphics/New_try_rewardpv.png> <./Graphics/new_try_rewardpvS.png> <./Gr
aphics/NEW_TEST_REWARDPV.png> <./Graphics/REWARDPVS.png>]
<Graphics/image1.png, id=311, 347.2975pt x 151.56625pt>
File: Graphics/image1.png Graphic file (type png)
<use Graphics/image1.png>
Package pdftex.def Info: Graphics/image1.png  used on input line 312.
(pdftex.def)             Requested size: 173.44534pt x 75.69736pt.
<Graphics/image3.png, id=313, 644.4075pt x 403.5075pt>
File: Graphics/image3.png Graphic file (type png)
<use Graphics/image3.png>
Package pdftex.def Info: Graphics/image3.png  used on input line 333.
(pdftex.def)             Requested size: 260.17464pt x 162.91476pt.

Underfull \vbox (badness 10000) has occurred while \output is active []

 [36 <./Graphics/image1.png>]
<Graphics/image8.png, id=320, 1606.0pt x 783.92876pt>
File: Graphics/image8.png Graphic file (type png)
<use Graphics/image8.png>
Package pdftex.def Info: Graphics/image8.png  used on input line 341.
(pdftex.def)             Requested size: 346.89731pt x 169.33087pt.
 [37 <./Graphics/image3.png> <./Graphics/image8.png>]
<Graphics/image10.png, id=329, 1606.0pt x 776.9025pt>
File: Graphics/image10.png Graphic file (type png)
<use Graphics/image10.png>
Package pdftex.def Info: Graphics/image10.png  used on input line 355.
(pdftex.def)             Requested size: 346.89731pt x 167.81317pt.
<Graphics/image9.png, id=331, 1606.0pt x 797.98125pt>
File: Graphics/image9.png Graphic file (type png)
<use Graphics/image9.png>
Package pdftex.def Info: Graphics/image9.png  used on input line 367.
(pdftex.def)             Requested size: 346.89731pt x 172.36624pt.
<Graphics/image4.png, id=333, 620.3175pt x 409.53pt>
File: Graphics/image4.png Graphic file (type png)
<use Graphics/image4.png>
Package pdftex.def Info: Graphics/image4.png  used on input line 377.
(pdftex.def)             Requested size: 260.17464pt x 171.76396pt.

[38 <./Graphics/image10.png> <./Graphics/image9.png>]
<Graphics/image6.png, id=340, 642.4pt x 481.8pt>
File: Graphics/image6.png Graphic file (type png)
<use Graphics/image6.png>
Package pdftex.def Info: Graphics/image6.png  used on input line 389.
(pdftex.def)             Requested size: 260.17464pt x 195.13527pt.
<Graphics/image5.png, id=342, 642.4pt x 481.8pt>
File: Graphics/image5.png Graphic file (type png)
<use Graphics/image5.png>
Package pdftex.def Info: Graphics/image5.png  used on input line 395.
(pdftex.def)             Requested size: 260.17464pt x 195.13527pt.

Underfull \vbox (badness 10000) has occurred while \output is active []

 [39 <./Graphics/image4.png> <./Graphics/image6.png>]
<Graphics/image7.png, id=351, 642.4pt x 481.8pt>
File: Graphics/image7.png Graphic file (type png)
<use Graphics/image7.png>
Package pdftex.def Info: Graphics/image7.png  used on input line 401.
(pdftex.def)             Requested size: 260.17464pt x 195.13527pt.
<Graphics/image2.png, id=353, 612.2875pt x 186.6975pt>
File: Graphics/image2.png Graphic file (type png)
<use Graphics/image2.png>
Package pdftex.def Info: Graphics/image2.png  used on input line 413.
(pdftex.def)             Requested size: 260.17464pt x 79.32971pt.
 [40 <./Graphics/image5.png> <./Graphics/image7.png>]) [41 <./Graphics/image2.p
ng>] [42


]
\openout2 = `chapter6.aux'.

 (./chapter6.tex
Chapter 6.
) [43



] [44


]
\openout2 = `chapter7.aux'.

 (./chapter7.tex
Chapter 7.
) [45



] [46


] (./appendixA.tex
Appendix A.
) [47


] [48

] (./abbreviations.tex
Appendix B.
) [49


] [50

] (./z-Report-Master-2015.bbl
Underfull \hbox (badness 1430) in paragraph at lines 4--7
\OT1/cmr/m/sc/12 Bharath\OT1/cmr/m/n/12 , \OT1/cmr/m/it/12 A brief sur-vey of d
eep re-in-force-ment learn-ing\OT1/cmr/m/n/12 , arXiv preprint
 []

) [51


] (./z-Report-Master-2015.aux (./chapter1.aux) (./chapter2.aux)
(./chapter3.aux) (./chapter4.aux) (./chapter5.aux) (./chapter6.aux)
(./chapter7.aux)) ) 
Here is how much of TeX's memory you used:
 4589 strings out of 492649
 72928 string characters out of 6129623
 136151 words of memory out of 5000000
 8257 multiletter control sequences out of 15000+600000
 14883 words of font info for 57 fonts, out of 8000000 for 9000
 1143 hyphenation exceptions out of 8191
 41i,12n,41p,1549b,474s stack positions out of 5000i,500n,10000p,200000b,80000s
</usr/local/texlive/2018/texmf-dist/fonts/type1/public/amsfo
nts/cm/cmbx12.pfb></usr/local/texlive/2018/texmf-dist/fonts/type1/public/amsfon
ts/cm/cmcsc10.pfb></usr/local/texlive/2018/texmf-dist/fonts/type1/public/amsfon
ts/cm/cmex10.pfb></usr/local/texlive/2018/texmf-dist/fonts/type1/public/amsfont
s/cm/cmmi12.pfb></usr/local/texlive/2018/texmf-dist/fonts/type1/public/amsfonts
/cm/cmmi6.pfb></usr/local/texlive/2018/texmf-dist/fonts/type1/public/amsfonts/c
m/cmmi8.pfb></usr/local/texlive/2018/texmf-dist/fonts/type1/public/amsfonts/cm/
cmr10.pfb></usr/local/texlive/2018/texmf-dist/fonts/type1/public/amsfonts/cm/cm
r12.pfb></usr/local/texlive/2018/texmf-dist/fonts/type1/public/amsfonts/cm/cmr6
.pfb></usr/local/texlive/2018/texmf-dist/fonts/type1/public/amsfonts/cm/cmr7.pf
b></usr/local/texlive/2018/texmf-dist/fonts/type1/public/amsfonts/cm/cmr8.pfb><
/usr/local/texlive/2018/texmf-dist/fonts/type1/public/amsfonts/cm/cmsy10.pfb></
usr/local/texlive/2018/texmf-dist/fonts/type1/public/amsfonts/cm/cmsy6.pfb></us
r/local/texlive/2018/texmf-dist/fonts/type1/public/amsfonts/cm/cmsy8.pfb></usr/
local/texlive/2018/texmf-dist/fonts/type1/public/amsfonts/cm/cmti12.pfb></usr/l
ocal/texlive/2018/texmf-dist/fonts/type1/public/amsfonts/cm/cmtt12.pfb>
Output written on z-Report-Master-2015.pdf (51 pages, 4002150 bytes).
PDF statistics:
 454 PDF objects out of 1000 (max. 8388607)
 224 compressed objects within 3 object streams
 0 named destinations out of 1000 (max. 500000)
 649 words of extra memory for PDF output out of 10000 (max. 10000000)

